Started GET "/rolldice" for ::1 at 2023-12-31 00:43:56 -0600
  [1m[35m (1.0ms)[0m  [1m[34mSELECT sqlite_version(*)[0m
Processing by DiceController#roll as HTML
Completed 200 OK in 4ms (Views: 0.1ms | ActiveRecord: 0.0ms | Allocations: 3202)


Started GET "/favicon.ico" for ::1 at 2023-12-31 00:43:57 -0600
  
ActionController::RoutingError (No route matches [GET] "/favicon.ico"):
  
Started GET "/rolldice" for ::1 at 2023-12-31 00:43:59 -0600
Processing by DiceController#roll as HTML
Completed 200 OK in 1ms (Views: 0.2ms | ActiveRecord: 0.0ms | Allocations: 112)


Started GET "/rolldice" for ::1 at 2023-12-31 00:44:01 -0600
Processing by DiceController#roll as HTML
Completed 200 OK in 0ms (Views: 0.2ms | ActiveRecord: 0.0ms | Allocations: 69)


Started GET "/rolldice" for ::1 at 2023-12-31 00:44:02 -0600
Processing by DiceController#roll as HTML
Completed 200 OK in 0ms (Views: 0.1ms | ActiveRecord: 0.0ms | Allocations: 71)


Started GET "/rolldice" for ::1 at 2023-12-31 00:44:02 -0600
Processing by DiceController#roll as HTML
Completed 200 OK in 1ms (Views: 0.2ms | ActiveRecord: 0.0ms | Allocations: 72)


Started GET "/rolldice" for ::1 at 2023-12-31 00:44:03 -0600
Processing by DiceController#roll as HTML
Completed 200 OK in 0ms (Views: 0.1ms | ActiveRecord: 0.0ms | Allocations: 69)


Started GET "/rolldice" for ::1 at 2023-12-31 00:44:03 -0600
Processing by DiceController#roll as HTML
Completed 200 OK in 0ms (Views: 0.1ms | ActiveRecord: 0.0ms | Allocations: 69)


Started GET "/rolldice" for ::1 at 2023-12-31 00:44:03 -0600
Processing by DiceController#roll as HTML
Completed 200 OK in 0ms (Views: 0.1ms | ActiveRecord: 0.0ms | Allocations: 69)


Started GET "/rolldice" for ::1 at 2023-12-31 00:44:03 -0600
Processing by DiceController#roll as HTML
Completed 200 OK in 0ms (Views: 0.1ms | ActiveRecord: 0.0ms | Allocations: 69)


Started GET "/rolldice" for ::1 at 2023-12-31 00:44:04 -0600
Processing by DiceController#roll as HTML
Completed 200 OK in 0ms (Views: 0.1ms | ActiveRecord: 0.0ms | Allocations: 69)


Started GET "/rolldice" for ::1 at 2023-12-31 00:44:04 -0600
Processing by DiceController#roll as HTML
Completed 200 OK in 0ms (Views: 0.1ms | ActiveRecord: 0.0ms | Allocations: 69)


Started GET "/rolldice" for ::1 at 2023-12-31 00:44:04 -0600
Processing by DiceController#roll as HTML
Completed 200 OK in 0ms (Views: 0.1ms | ActiveRecord: 0.0ms | Allocations: 69)


Started GET "/rolldice" for ::1 at 2023-12-31 00:44:04 -0600
Processing by DiceController#roll as HTML
Completed 200 OK in 0ms (Views: 0.1ms | ActiveRecord: 0.0ms | Allocations: 69)


Started GET "/rolldice" for ::1 at 2023-12-31 00:44:04 -0600
Processing by DiceController#roll as HTML
Completed 200 OK in 0ms (Views: 0.1ms | ActiveRecord: 0.0ms | Allocations: 69)


Started GET "/rolldice" for ::1 at 2023-12-31 00:44:05 -0600
Processing by DiceController#roll as HTML
Completed 200 OK in 0ms (Views: 0.1ms | ActiveRecord: 0.0ms | Allocations: 69)


Started GET "/rolldice" for ::1 at 2023-12-31 00:44:05 -0600
Processing by DiceController#roll as HTML
Completed 200 OK in 0ms (Views: 0.1ms | ActiveRecord: 0.0ms | Allocations: 69)


Started GET "/rolldice" for ::1 at 2023-12-31 00:44:05 -0600
Processing by DiceController#roll as HTML
Completed 200 OK in 0ms (Views: 0.1ms | ActiveRecord: 0.0ms | Allocations: 70)


Started GET "/rolldice" for ::1 at 2023-12-31 00:44:05 -0600
Processing by DiceController#roll as HTML
Completed 200 OK in 0ms (Views: 0.1ms | ActiveRecord: 0.0ms | Allocations: 69)


Started GET "/rolldice" for ::1 at 2023-12-31 00:44:05 -0600
Processing by DiceController#roll as HTML
Completed 200 OK in 0ms (Views: 0.1ms | ActiveRecord: 0.0ms | Allocations: 69)


Started GET "/rolldice" for ::1 at 2023-12-31 00:44:05 -0600
Processing by DiceController#roll as HTML
Completed 200 OK in 0ms (Views: 0.1ms | ActiveRecord: 0.0ms | Allocations: 69)


Started GET "/rolldice" for ::1 at 2023-12-31 00:44:06 -0600
Processing by DiceController#roll as HTML
Completed 200 OK in 0ms (Views: 0.1ms | ActiveRecord: 0.0ms | Allocations: 69)


Started GET "/rolldice" for ::1 at 2023-12-31 00:44:06 -0600
Processing by DiceController#roll as HTML
Completed 200 OK in 0ms (Views: 0.1ms | ActiveRecord: 0.0ms | Allocations: 69)


Started GET "/rolldice" for ::1 at 2023-12-31 00:44:06 -0600
Processing by DiceController#roll as HTML
Completed 200 OK in 0ms (Views: 0.1ms | ActiveRecord: 0.0ms | Allocations: 69)


Started GET "/rolldice" for ::1 at 2023-12-31 00:44:06 -0600
Processing by DiceController#roll as HTML
Completed 200 OK in 0ms (Views: 0.1ms | ActiveRecord: 0.0ms | Allocations: 69)


Started GET "/rolldice" for ::1 at 2023-12-31 00:44:06 -0600
Processing by DiceController#roll as HTML
Completed 200 OK in 0ms (Views: 0.1ms | ActiveRecord: 0.0ms | Allocations: 69)


Started GET "/rolldice" for ::1 at 2023-12-31 00:44:07 -0600
Processing by DiceController#roll as HTML
Completed 200 OK in 0ms (Views: 0.1ms | ActiveRecord: 0.0ms | Allocations: 72)


Started GET "/rolldice" for ::1 at 2023-12-31 00:44:07 -0600
Processing by DiceController#roll as HTML
Completed 200 OK in 0ms (Views: 0.1ms | ActiveRecord: 0.0ms | Allocations: 69)


Started GET "/rolldice" for ::1 at 2023-12-31 00:44:07 -0600
Processing by DiceController#roll as HTML
Completed 200 OK in 0ms (Views: 0.1ms | ActiveRecord: 0.0ms | Allocations: 69)


Started GET "/rolldice" for ::1 at 2023-12-31 00:44:07 -0600
Processing by DiceController#roll as HTML
Completed 200 OK in 0ms (Views: 0.1ms | ActiveRecord: 0.0ms | Allocations: 69)


Started GET "/rolldice" for ::1 at 2023-12-31 00:44:07 -0600
Processing by DiceController#roll as HTML
Completed 200 OK in 0ms (Views: 0.1ms | ActiveRecord: 0.0ms | Allocations: 69)


Started GET "/rolldice" for ::1 at 2023-12-31 00:44:08 -0600
Processing by DiceController#roll as HTML
Completed 200 OK in 0ms (Views: 0.1ms | ActiveRecord: 0.0ms | Allocations: 69)


Started GET "/rolldice" for ::1 at 2023-12-31 00:44:08 -0600
Processing by DiceController#roll as HTML
Completed 200 OK in 0ms (Views: 0.1ms | ActiveRecord: 0.0ms | Allocations: 69)


Started GET "/rolldice" for ::1 at 2023-12-31 00:44:08 -0600
Processing by DiceController#roll as HTML
Completed 200 OK in 0ms (Views: 0.1ms | ActiveRecord: 0.0ms | Allocations: 69)


Started GET "/rolldice" for ::1 at 2023-12-31 00:44:08 -0600
Processing by DiceController#roll as HTML
Completed 200 OK in 0ms (Views: 0.1ms | ActiveRecord: 0.0ms | Allocations: 69)


Started GET "/rolldice" for ::1 at 2023-12-31 00:44:08 -0600
Processing by DiceController#roll as HTML
Completed 200 OK in 2ms (Views: 2.2ms | ActiveRecord: 0.0ms | Allocations: 69)


Started GET "/rolldice" for ::1 at 2023-12-31 00:44:09 -0600
Processing by DiceController#roll as HTML
Completed 200 OK in 0ms (Views: 0.2ms | ActiveRecord: 0.0ms | Allocations: 70)


Started GET "/rolldice" for ::1 at 2023-12-31 00:44:09 -0600
Processing by DiceController#roll as HTML
Completed 200 OK in 0ms (Views: 0.1ms | ActiveRecord: 0.0ms | Allocations: 69)


Started GET "/rolldice" for ::1 at 2023-12-31 00:44:09 -0600
Processing by DiceController#roll as HTML
Completed 200 OK in 0ms (Views: 0.1ms | ActiveRecord: 0.0ms | Allocations: 69)


Started GET "/rolldice" for ::1 at 2023-12-31 00:44:09 -0600
Processing by DiceController#roll as HTML
Completed 200 OK in 0ms (Views: 0.1ms | ActiveRecord: 0.0ms | Allocations: 69)


Started GET "/rolldice" for ::1 at 2023-12-31 00:44:09 -0600
Processing by DiceController#roll as HTML
Completed 200 OK in 0ms (Views: 0.1ms | ActiveRecord: 0.0ms | Allocations: 69)


Started GET "/rolldice" for ::1 at 2023-12-31 01:22:52 -0600
Processing by DiceController#roll as HTML
Completed 200 OK in 2ms (Views: 0.5ms | Allocations: 69)


Started GET "/rolldice" for ::1 at 2023-12-31 01:22:53 -0600
Processing by DiceController#roll as HTML
Completed 200 OK in 1ms (Views: 0.2ms | Allocations: 69)


Started GET "/rolldice" for ::1 at 2023-12-31 01:22:54 -0600
Processing by DiceController#roll as HTML
Completed 200 OK in 0ms (Views: 0.2ms | Allocations: 69)


Started GET "/rolldice" for ::1 at 2023-12-31 01:22:56 -0600
Processing by DiceController#roll as HTML
Completed 200 OK in 1ms (Views: 0.3ms | Allocations: 69)


Started GET "/rolldice" for ::1 at 2023-12-31 01:22:57 -0600
Processing by DiceController#roll as HTML
Completed 200 OK in 0ms (Views: 0.1ms | Allocations: 69)


Started GET "/rolldice" for 127.0.0.1 at 2023-12-31 01:23:20 -0600
Processing by DiceController#roll as */*
Completed 200 OK in 0ms (Views: 0.0ms | Allocations: 75)


Started GET "/rolldice" for 127.0.0.1 at 2023-12-31 01:23:26 -0600
Processing by DiceController#roll as */*
Completed 200 OK in 0ms (Views: 0.1ms | Allocations: 73)


Started GET "/rolldice" for 127.0.0.1 at 2023-12-31 01:23:27 -0600
Processing by DiceController#roll as */*
Completed 200 OK in 0ms (Views: 0.1ms | Allocations: 73)


Started GET "/rolldice" for 127.0.0.1 at 2023-12-31 01:23:28 -0600
Processing by DiceController#roll as */*
Completed 200 OK in 0ms (Views: 0.1ms | Allocations: 73)


Started GET "/rolldice" for 127.0.0.1 at 2023-12-31 01:23:28 -0600
Processing by DiceController#roll as */*
Completed 200 OK in 0ms (Views: 0.1ms | Allocations: 73)


Started GET "/rolldice" for 127.0.0.1 at 2023-12-31 01:23:28 -0600
Processing by DiceController#roll as */*
Completed 200 OK in 0ms (Views: 0.2ms | Allocations: 73)


Started GET "/rolldice" for 127.0.0.1 at 2023-12-31 01:23:29 -0600
Processing by DiceController#roll as */*
Completed 200 OK in 0ms (Views: 0.1ms | Allocations: 73)


Started GET "/rolldice" for 127.0.0.1 at 2023-12-31 01:23:29 -0600
Processing by DiceController#roll as */*
Completed 200 OK in 0ms (Views: 0.1ms | Allocations: 73)


Started GET "/rolldice" for 127.0.0.1 at 2023-12-31 01:23:30 -0600
Processing by DiceController#roll as */*
Completed 200 OK in 0ms (Views: 0.1ms | Allocations: 73)


Started GET "/rolldice" for 127.0.0.1 at 2023-12-31 01:23:34 -0600
Processing by DiceController#roll as */*
Completed 200 OK in 0ms (Views: 0.0ms | Allocations: 74)


Started GET "/rolldice" for 127.0.0.1 at 2023-12-31 01:23:35 -0600
Processing by DiceController#roll as */*
Completed 200 OK in 0ms (Views: 0.1ms | Allocations: 73)


Started GET "/rolldice" for ::1 at 2023-12-31 12:20:01 -0600
  [1m[35m (0.6ms)[0m  [1m[34mSELECT sqlite_version(*)[0m
Processing by DiceController#roll as HTML
Completed 200 OK in 2ms (Views: 0.1ms | ActiveRecord: 0.0ms | Allocations: 2372)


Started GET "/rolldice" for ::1 at 2023-12-31 12:20:02 -0600
Processing by DiceController#roll as HTML
Completed 200 OK in 0ms (Views: 0.1ms | ActiveRecord: 0.0ms | Allocations: 82)


Started GET "/rolldice" for ::1 at 2023-12-31 12:20:03 -0600
Processing by DiceController#roll as HTML
Completed 200 OK in 0ms (Views: 0.2ms | ActiveRecord: 0.0ms | Allocations: 72)


Started GET "/rolldice" for ::1 at 2023-12-31 12:20:04 -0600
Processing by DiceController#roll as HTML
Completed 200 OK in 1ms (Views: 0.2ms | ActiveRecord: 0.0ms | Allocations: 72)


Started GET "/rolldice" for ::1 at 2023-12-31 12:20:05 -0600
Processing by DiceController#roll as HTML
Completed 200 OK in 0ms (Views: 0.1ms | ActiveRecord: 0.0ms | Allocations: 72)


Started GET "/rolldice" for ::1 at 2023-12-31 12:24:29 -0600
Processing by DiceController#roll as HTML
Completed 200 OK in 1ms (Views: 0.2ms | ActiveRecord: 0.0ms | Allocations: 69)


Started GET "/rolldice" for ::1 at 2023-12-31 12:24:31 -0600
Processing by DiceController#roll as HTML
Completed 200 OK in 0ms (Views: 0.2ms | ActiveRecord: 0.0ms | Allocations: 69)


Started GET "/rolldice" for ::1 at 2023-12-31 12:24:32 -0600
Processing by DiceController#roll as HTML
Completed 200 OK in 0ms (Views: 0.2ms | ActiveRecord: 0.0ms | Allocations: 69)


Started GET "/rolldice" for ::1 at 2023-12-31 16:56:12 -0600
Processing by DiceController#roll as HTML
Completed 200 OK in 1ms (Views: 0.3ms | Allocations: 69)


Started GET "/rolldice" for ::1 at 2023-12-31 16:56:13 -0600
Processing by DiceController#roll as HTML
Completed 200 OK in 0ms (Views: 0.2ms | Allocations: 69)


Started GET "/rolldice" for ::1 at 2023-12-31 16:56:14 -0600
Processing by DiceController#roll as HTML
Completed 200 OK in 0ms (Views: 0.2ms | Allocations: 69)


Started GET "/rolldice" for ::1 at 2023-12-31 16:56:14 -0600
Processing by DiceController#roll as HTML
Completed 200 OK in 0ms (Views: 0.2ms | Allocations: 69)


Started GET "/rolldice" for ::1 at 2023-12-31 16:56:16 -0600
Processing by DiceController#roll as HTML
Completed 200 OK in 0ms (Views: 0.1ms | Allocations: 69)


Started GET "/rolldice" for ::1 at 2023-12-31 16:56:17 -0600
Processing by DiceController#roll as HTML
Completed 200 OK in 0ms (Views: 0.2ms | Allocations: 69)


Started GET "/rolldice" for ::1 at 2023-12-31 16:56:18 -0600
Processing by DiceController#roll as HTML
Completed 200 OK in 0ms (Views: 0.2ms | Allocations: 69)


Started GET "/rolldice" for ::1 at 2023-12-31 16:56:19 -0600
Processing by DiceController#roll as HTML
Completed 200 OK in 0ms (Views: 0.1ms | Allocations: 70)


Started GET "/rolldice" for ::1 at 2023-12-31 21:03:27 -0600
Processing by DiceController#roll as HTML
Completed 200 OK in 2ms (Views: 0.5ms | Allocations: 69)


Started GET "/rolldice" for ::1 at 2023-12-31 21:03:28 -0600
Processing by DiceController#roll as HTML
Completed 200 OK in 0ms (Views: 0.1ms | Allocations: 70)


Started GET "/rolldice" for ::1 at 2023-12-31 21:03:29 -0600
Processing by DiceController#roll as HTML
Completed 200 OK in 0ms (Views: 0.1ms | Allocations: 69)


Started GET "/rolldice" for ::1 at 2023-12-31 21:03:30 -0600
Processing by DiceController#roll as HTML
Completed 200 OK in 0ms (Views: 0.1ms | Allocations: 69)


Started GET "/rolldice" for ::1 at 2023-12-31 21:03:31 -0600
Processing by DiceController#roll as HTML
Completed 200 OK in 0ms (Views: 0.2ms | Allocations: 69)


Started GET "/rolldice" for ::1 at 2023-12-31 21:12:15 -0600
Processing by DiceController#roll as HTML
Completed 200 OK in 2ms (Views: 0.7ms | Allocations: 69)


Started GET "/rolldice" for ::1 at 2023-12-31 21:12:17 -0600
Processing by DiceController#roll as HTML
Completed 200 OK in 1ms (Views: 0.2ms | Allocations: 69)


Started GET "/rolldice" for ::1 at 2023-12-31 21:12:18 -0600
Processing by DiceController#roll as HTML
Completed 200 OK in 0ms (Views: 0.1ms | Allocations: 69)


Started GET "/rolldice" for ::1 at 2023-12-31 21:12:19 -0600
Processing by DiceController#roll as HTML
Completed 200 OK in 0ms (Views: 0.1ms | Allocations: 69)


Started GET "/rolldice" for ::1 at 2023-12-31 21:12:20 -0600
Processing by DiceController#roll as HTML
Completed 200 OK in 0ms (Views: 0.1ms | Allocations: 69)


Started GET "/rolldice" for ::1 at 2023-12-31 21:12:20 -0600
Processing by DiceController#roll as HTML
Completed 200 OK in 1ms (Views: 0.1ms | Allocations: 69)


Started GET "/rolldice" for ::1 at 2024-01-02 10:59:16 -0600
Processing by DiceController#roll as HTML
Completed 200 OK in 2ms (Views: 0.2ms | Allocations: 69)


Started GET "/rolldice" for ::1 at 2024-01-02 10:59:17 -0600
Processing by DiceController#roll as HTML
Completed 200 OK in 1ms (Views: 0.7ms | Allocations: 69)


Started GET "/rolldice" for ::1 at 2024-01-02 10:59:18 -0600
Processing by DiceController#roll as HTML
Completed 200 OK in 0ms (Views: 0.1ms | Allocations: 69)


